Using pre-set license
Built from '2020.3/china_unity/release' branch; Version is '2020.3.7f1c1 (98d1c84f5ffb) revision 10015176'; Using compiler version '192528614'; Build Type 'Release'
OS: 'Windows 10 Pro; OS build 19043.1081; Version 2009; 64bit' Language: 'zh' Physical Memory: 32717 MB
BatchMode: 1, IsHumanControllingUs: 0, StartBugReporterOnCrash: 0, Is64bit: 1, IsPro: 0

 COMMAND LINE ARGUMENTS:
C:\Program Files\Unity\Hub\Editor\2020.3.7f1c1\Editor\Unity.exe
-adb2
-batchMode
-noUpm
-name
AssetImportWorker0
-projectPath
E:/clone/tolua
-logFile
Logs/AssetImportWorker0.log
-srvPort
52011
Successfully changed project path to: E:/clone/tolua
E:/clone/tolua
Using Asset Import Pipeline V2.
Refreshing native plugins compatible for Editor in 21.47 ms, found 1 plugins.
Preloading 0 native plugins for Editor in 0.00 ms.
Initialize engine version: 2020.3.7f1c1 (98d1c84f5ffb)
[Subsystems] Discovering subsystems at path C:/Program Files/Unity/Hub/Editor/2020.3.7f1c1/Editor/Data/Resources/UnitySubsystems
[Subsystems] Discovering subsystems at path E:/clone/tolua/Assets
GfxDevice: creating device client; threaded=0
Direct3D:
    Version:  Direct3D 11.0 [level 11.1]
    Renderer: NVIDIA GeForce RTX 2070 (ID=0x1f02)
    Vendor:   
    VRAM:     8031 MB
    Driver:   27.21.14.5671
Initialize mono
Mono path[0] = 'C:/Program Files/Unity/Hub/Editor/2020.3.7f1c1/Editor/Data/Managed'
Mono path[1] = 'C:/Program Files/Unity/Hub/Editor/2020.3.7f1c1/Editor/Data/MonoBleedingEdge/lib/mono/unityjit'
Mono config path = 'C:/Program Files/Unity/Hub/Editor/2020.3.7f1c1/Editor/Data/MonoBleedingEdge/etc'
Using monoOptions --debugger-agent=transport=dt_socket,embedding=1,server=y,suspend=n,address=127.0.0.1:56412
Begin MonoManager ReloadAssembly
Registering precompiled unity dll's ...
Register platform support module: C:/Program Files/Unity/Hub/Editor/2020.3.7f1c1/Editor/Data/PlaybackEngines/WindowsStandaloneSupport/UnityEditor.WindowsStandalone.Extensions.dll
Registered in 0.001254 seconds.
Native extension for WindowsStandalone target not found
Refreshing native plugins compatible for Editor in 24.72 ms, found 1 plugins.
Preloading 0 native plugins for Editor in 0.00 ms.
Mono: successfully reloaded assembly
- Completed reload, in  1.525 seconds
Platform modules already initialized, skipping
Registering precompiled user dll's ...
Registered in 0.000861 seconds.
Begin MonoManager ReloadAssembly
Native extension for WindowsStandalone target not found
Refreshing native plugins compatible for Editor in 0.27 ms, found 1 plugins.
Preloading 0 native plugins for Editor in 0.00 ms.
Mono: successfully reloaded assembly
- Completed reload, in  0.711 seconds
Platform modules already initialized, skipping
========================================================================
Worker process is ready to serve import requests
Launched and connected shader compiler UnityShaderCompiler.exe after 0.03 seconds
Refreshing native plugins compatible for Editor in 0.25 ms, found 1 plugins.
Preloading 0 native plugins for Editor in 0.00 ms.
Unloading 1307 Unused Serialized files (Serialized files now loaded: 0)
System memory in use before: 66.3 MB.
System memory in use after: 66.4 MB.

Unloading 18 unused Assets to reduce memory usage. Loaded Objects now: 1741.
Total: 1.609700 ms (FindLiveObjects: 0.115600 ms CreateObjectMapping: 0.033400 ms MarkObjects: 1.410000 ms  DeleteObjects: 0.049800 ms)

========================================================================
Received Import Request.
  path: Assets/Scenes/Main.unity
  artifactKey: Guid(cfc4b50748266524693b813a0fd913ab) Importer(815301076,1909f56bfc062723c751e8b465ee728b)
Start importing Assets/Scenes/Main.unity using Guid(cfc4b50748266524693b813a0fd913ab) Importer(815301076,1909f56bfc062723c751e8b465ee728b)  -> (artifact id: '310a24760aaba20f6b570b0dc064dd9b') in 0.009790 seconds
  Import took 0.011346 seconds .

========================================================================
Received Import Request.
  Time since last request: 36.536730 seconds.
  path: Assets/Lua/New Folder
  artifactKey: Guid(ec643e3d9c6bc5f4e8cffdd8f6b9d307) Importer(815301076,1909f56bfc062723c751e8b465ee728b)
Start importing Assets/Lua/New Folder using Guid(ec643e3d9c6bc5f4e8cffdd8f6b9d307) Importer(815301076,1909f56bfc062723c751e8b465ee728b)  -> (artifact id: 'fdb140098a8e7df0995bb8dea55a5e73') in 0.001827 seconds
  Import took 0.003477 seconds .

========================================================================
Received Import Request.
  Time since last request: 15.382870 seconds.
  path: Assets/Scripts
  artifactKey: Guid(f623778d640d3c24a89f85f96b2dd122) Importer(815301076,1909f56bfc062723c751e8b465ee728b)
Start importing Assets/Scripts using Guid(f623778d640d3c24a89f85f96b2dd122) Importer(815301076,1909f56bfc062723c751e8b465ee728b)  -> (artifact id: '60503228944564c30806c3ccc9823603') in 0.002018 seconds
  Import took 0.003726 seconds .

========================================================================
Received Import Request.
  Time since last request: 2499.272818 seconds.
  path: Assets/Source/LuaConst.cs
  artifactKey: Guid(35b0c8bef181f2d4dacd3c860eb546a7) Importer(815301076,1909f56bfc062723c751e8b465ee728b)
Start importing Assets/Source/LuaConst.cs using Guid(35b0c8bef181f2d4dacd3c860eb546a7) Importer(815301076,1909f56bfc062723c751e8b465ee728b)  -> (artifact id: 'd31ee829f1f220ae601711d643f1a4e2') in 0.008992 seconds
  Import took 0.010934 seconds .

========================================================================
Received Import Request.
  Time since last request: 0.024325 seconds.
  path: Assets/Source/LuaConst.cs
  artifactKey: Guid(35b0c8bef181f2d4dacd3c860eb546a7) Importer(815301076,1909f56bfc062723c751e8b465ee728b)
Start importing Assets/Source/LuaConst.cs using Guid(35b0c8bef181f2d4dacd3c860eb546a7) Importer(815301076,1909f56bfc062723c751e8b465ee728b)  -> (artifact id: 'd31ee829f1f220ae601711d643f1a4e2') in 0.001725 seconds
  Import took 0.003334 seconds .

========================================================================
Received Import Request.
  Time since last request: 36.653247 seconds.
  path: Assets/Scripts/RotateSelf.cs
  artifactKey: Guid(b41e2f5519147144fab08f619ed56dad) Importer(815301076,1909f56bfc062723c751e8b465ee728b)
Start importing Assets/Scripts/RotateSelf.cs using Guid(b41e2f5519147144fab08f619ed56dad) Importer(815301076,1909f56bfc062723c751e8b465ee728b)  -> (artifact id: '3910ff70bdd5a6595931e100da0d868c') in 0.001914 seconds
  Import took 0.003484 seconds .

========================================================================
Received Prepare
Registering precompiled user dll's ...
Registered in 0.000954 seconds.
Begin MonoManager ReloadAssembly
Native extension for WindowsStandalone target not found
Refreshing native plugins compatible for Editor in 0.27 ms, found 1 plugins.
Preloading 0 native plugins for Editor in 0.00 ms.
Mono: successfully reloaded assembly
- Completed reload, in  0.651 seconds
Platform modules already initialized, skipping
Refreshing native plugins compatible for Editor in 0.24 ms, found 1 plugins.
Preloading 0 native plugins for Editor in 0.00 ms.
Unloading 1302 Unused Serialized files (Serialized files now loaded: 0)
System memory in use before: 66.0 MB.
System memory in use after: 66.1 MB.

Unloading 13 unused Assets to reduce memory usage. Loaded Objects now: 1745.
Total: 1.521700 ms (FindLiveObjects: 0.114000 ms CreateObjectMapping: 0.032100 ms MarkObjects: 1.359300 ms  DeleteObjects: 0.015300 ms)

========================================================================
Received Import Request.
  Time since last request: 42.000954 seconds.
  path: Assets/Plugins/Editor
  artifactKey: Guid(9b20dc1edc95ad9409b9548d6c842f1a) Importer(815301076,1909f56bfc062723c751e8b465ee728b)
Start importing Assets/Plugins/Editor using Guid(9b20dc1edc95ad9409b9548d6c842f1a) Importer(815301076,1909f56bfc062723c751e8b465ee728b)  -> (artifact id: 'f60514677319b167b3d613147d58948f') in 0.003593 seconds
  Import took 0.005263 seconds .

========================================================================
Received Import Request.
  Time since last request: 12.214562 seconds.
  path: Assets/Editor/Custom/CustomSettings.cs
  artifactKey: Guid(d68e81cfa02de7e44a2ff558bdc3ac89) Importer(815301076,1909f56bfc062723c751e8b465ee728b)
Start importing Assets/Editor/Custom/CustomSettings.cs using Guid(d68e81cfa02de7e44a2ff558bdc3ac89) Importer(815301076,1909f56bfc062723c751e8b465ee728b)  -> (artifact id: 'f82c6c37ef5dabad03f81a9ed89a06aa') in 0.001930 seconds
  Import took 0.003517 seconds .

========================================================================
Received Import Request.
  Time since last request: 0.002516 seconds.
  path: Assets/Editor/Custom/CustomSettings.cs
  artifactKey: Guid(d68e81cfa02de7e44a2ff558bdc3ac89) Importer(815301076,1909f56bfc062723c751e8b465ee728b)
Start importing Assets/Editor/Custom/CustomSettings.cs using Guid(d68e81cfa02de7e44a2ff558bdc3ac89) Importer(815301076,1909f56bfc062723c751e8b465ee728b)  -> (artifact id: 'f82c6c37ef5dabad03f81a9ed89a06aa') in 0.001739 seconds
  Import took 0.003493 seconds .

========================================================================
Received Prepare
Registering precompiled user dll's ...
Registered in 0.000716 seconds.
Begin MonoManager ReloadAssembly
Native extension for WindowsStandalone target not found
Refreshing native plugins compatible for Editor in 0.29 ms, found 1 plugins.
Preloading 0 native plugins for Editor in 0.00 ms.
Mono: successfully reloaded assembly
- Completed reload, in  0.650 seconds
Platform modules already initialized, skipping
Refreshing native plugins compatible for Editor in 0.25 ms, found 1 plugins.
Preloading 0 native plugins for Editor in 0.00 ms.
Unloading 1302 Unused Serialized files (Serialized files now loaded: 0)
System memory in use before: 66.1 MB.
System memory in use after: 66.2 MB.

Unloading 13 unused Assets to reduce memory usage. Loaded Objects now: 1748.
Total: 5.649700 ms (FindLiveObjects: 0.461100 ms CreateObjectMapping: 0.163200 ms MarkObjects: 4.960900 ms  DeleteObjects: 0.061400 ms)

========================================================================
Received Import Request.
  Time since last request: 245.027987 seconds.
  path: Assets/Editor/Custom/CustomSettings.cs
  artifactKey: Guid(d68e81cfa02de7e44a2ff558bdc3ac89) Importer(815301076,1909f56bfc062723c751e8b465ee728b)
Start importing Assets/Editor/Custom/CustomSettings.cs using Guid(d68e81cfa02de7e44a2ff558bdc3ac89) Importer(815301076,1909f56bfc062723c751e8b465ee728b)  -> (artifact id: 'ef84d1fae207d9646ab64b342d4cf494') in 0.012834 seconds
  Import took 0.019784 seconds .

========================================================================
Received Prepare
Registering precompiled user dll's ...
Registered in 0.000724 seconds.
Begin MonoManager ReloadAssembly
Native extension for WindowsStandalone target not found
Refreshing native plugins compatible for Editor in 0.27 ms, found 1 plugins.
Preloading 0 native plugins for Editor in 0.00 ms.
Mono: successfully reloaded assembly
- Completed reload, in  0.841 seconds
Platform modules already initialized, skipping
Refreshing native plugins compatible for Editor in 0.26 ms, found 1 plugins.
Preloading 0 native plugins for Editor in 0.00 ms.
Unloading 1303 Unused Serialized files (Serialized files now loaded: 0)
System memory in use before: 66.1 MB.
System memory in use after: 66.2 MB.

Unloading 13 unused Assets to reduce memory usage. Loaded Objects now: 1752.
Total: 1.494200 ms (FindLiveObjects: 0.207800 ms CreateObjectMapping: 0.080900 ms MarkObjects: 1.189700 ms  DeleteObjects: 0.014700 ms)

========================================================================
Received Prepare
Registering precompiled user dll's ...
Registered in 0.000800 seconds.
Begin MonoManager ReloadAssembly
Native extension for WindowsStandalone target not found
Refreshing native plugins compatible for Editor in 0.26 ms, found 1 plugins.
Preloading 0 native plugins for Editor in 0.00 ms.
Mono: successfully reloaded assembly
- Completed reload, in  0.644 seconds
Platform modules already initialized, skipping
Refreshing native plugins compatible for Editor in 0.23 ms, found 1 plugins.
Preloading 0 native plugins for Editor in 0.00 ms.
Unloading 1303 Unused Serialized files (Serialized files now loaded: 0)
System memory in use before: 66.1 MB.
System memory in use after: 66.2 MB.

Unloading 13 unused Assets to reduce memory usage. Loaded Objects now: 1755.
Total: 1.510600 ms (FindLiveObjects: 0.165000 ms CreateObjectMapping: 0.035900 ms MarkObjects: 1.294200 ms  DeleteObjects: 0.014800 ms)

========================================================================
Received Prepare
Registering precompiled user dll's ...
Registered in 0.000708 seconds.
Begin MonoManager ReloadAssembly
Native extension for WindowsStandalone target not found
Refreshing native plugins compatible for Editor in 0.28 ms, found 1 plugins.
Preloading 0 native plugins for Editor in 0.00 ms.
Mono: successfully reloaded assembly
- Completed reload, in  0.830 seconds
Platform modules already initialized, skipping
Refreshing native plugins compatible for Editor in 0.27 ms, found 1 plugins.
Preloading 0 native plugins for Editor in 0.00 ms.
Unloading 1303 Unused Serialized files (Serialized files now loaded: 0)
System memory in use before: 66.1 MB.
System memory in use after: 66.2 MB.

Unloading 13 unused Assets to reduce memory usage. Loaded Objects now: 1758.
Total: 2.045100 ms (FindLiveObjects: 0.252900 ms CreateObjectMapping: 0.071900 ms MarkObjects: 1.701600 ms  DeleteObjects: 0.016700 ms)

========================================================================
Received Import Request.
  Time since last request: 534.477451 seconds.
  path: Assets/ToLua/Misc/LuaClient.cs
  artifactKey: Guid(3d41d4486c02e3e4ca1c1f12f7a48a95) Importer(815301076,1909f56bfc062723c751e8b465ee728b)
Start importing Assets/ToLua/Misc/LuaClient.cs using Guid(3d41d4486c02e3e4ca1c1f12f7a48a95) Importer(815301076,1909f56bfc062723c751e8b465ee728b)  -> (artifact id: '8f6276a4c2ac1dd4f8fb1aabc6f6604b') in 0.003559 seconds
  Import took 0.005239 seconds .

========================================================================
Received Import Request.
  Time since last request: 0.003675 seconds.
  path: Assets/ToLua/Misc/LuaClient.cs
  artifactKey: Guid(3d41d4486c02e3e4ca1c1f12f7a48a95) Importer(815301076,1909f56bfc062723c751e8b465ee728b)
Start importing Assets/ToLua/Misc/LuaClient.cs using Guid(3d41d4486c02e3e4ca1c1f12f7a48a95) Importer(815301076,1909f56bfc062723c751e8b465ee728b)  -> (artifact id: '8f6276a4c2ac1dd4f8fb1aabc6f6604b') in 0.001571 seconds
  Import took 0.003202 seconds .

========================================================================
Received Prepare
Registering precompiled user dll's ...
Registered in 0.000821 seconds.
Begin MonoManager ReloadAssembly
Native extension for WindowsStandalone target not found
Refreshing native plugins compatible for Editor in 0.27 ms, found 1 plugins.
Preloading 0 native plugins for Editor in 0.00 ms.
Mono: successfully reloaded assembly
- Completed reload, in  0.670 seconds
Platform modules already initialized, skipping
Refreshing native plugins compatible for Editor in 0.26 ms, found 1 plugins.
Preloading 0 native plugins for Editor in 0.00 ms.
Unloading 1303 Unused Serialized files (Serialized files now loaded: 0)
System memory in use before: 66.1 MB.
System memory in use after: 66.2 MB.

Unloading 13 unused Assets to reduce memory usage. Loaded Objects now: 1761.
Total: 6.496100 ms (FindLiveObjects: 0.411300 ms CreateObjectMapping: 0.156900 ms MarkObjects: 5.905800 ms  DeleteObjects: 0.019200 ms)

========================================================================
Received Prepare
Registering precompiled user dll's ...
Registered in 0.000782 seconds.
Begin MonoManager ReloadAssembly
Native extension for WindowsStandalone target not found
Refreshing native plugins compatible for Editor in 0.26 ms, found 1 plugins.
Preloading 0 native plugins for Editor in 0.00 ms.
Mono: successfully reloaded assembly
- Completed reload, in  0.646 seconds
Platform modules already initialized, skipping
Refreshing native plugins compatible for Editor in 0.23 ms, found 1 plugins.
Preloading 0 native plugins for Editor in 0.00 ms.
Unloading 1303 Unused Serialized files (Serialized files now loaded: 0)
System memory in use before: 66.1 MB.
System memory in use after: 66.2 MB.

Unloading 13 unused Assets to reduce memory usage. Loaded Objects now: 1764.
Total: 1.602200 ms (FindLiveObjects: 0.114100 ms CreateObjectMapping: 0.033200 ms MarkObjects: 1.439300 ms  DeleteObjects: 0.014600 ms)

========================================================================
Received Prepare
Registering precompiled user dll's ...
Registered in 0.000895 seconds.
Begin MonoManager ReloadAssembly
Native extension for WindowsStandalone target not found
Refreshing native plugins compatible for Editor in 0.28 ms, found 1 plugins.
Preloading 0 native plugins for Editor in 0.00 ms.
Mono: successfully reloaded assembly
- Completed reload, in  0.661 seconds
Platform modules already initialized, skipping
Refreshing native plugins compatible for Editor in 0.26 ms, found 1 plugins.
Preloading 0 native plugins for Editor in 0.00 ms.
Unloading 1303 Unused Serialized files (Serialized files now loaded: 0)
System memory in use before: 66.2 MB.
System memory in use after: 66.3 MB.

Unloading 13 unused Assets to reduce memory usage. Loaded Objects now: 1767.
Total: 1.521000 ms (FindLiveObjects: 0.151800 ms CreateObjectMapping: 0.045900 ms MarkObjects: 1.307500 ms  DeleteObjects: 0.014500 ms)

========================================================================
Received Prepare
Registering precompiled user dll's ...
Registered in 0.000778 seconds.
Begin MonoManager ReloadAssembly
Native extension for WindowsStandalone target not found
Refreshing native plugins compatible for Editor in 0.27 ms, found 1 plugins.
Preloading 0 native plugins for Editor in 0.00 ms.
Mono: successfully reloaded assembly
- Completed reload, in  0.640 seconds
Platform modules already initialized, skipping
Refreshing native plugins compatible for Editor in 0.25 ms, found 1 plugins.
Preloading 0 native plugins for Editor in 0.00 ms.
Unloading 1303 Unused Serialized files (Serialized files now loaded: 0)
System memory in use before: 66.2 MB.
System memory in use after: 66.3 MB.

Unloading 13 unused Assets to reduce memory usage. Loaded Objects now: 1770.
Total: 1.653500 ms (FindLiveObjects: 0.144000 ms CreateObjectMapping: 0.037700 ms MarkObjects: 1.454600 ms  DeleteObjects: 0.016200 ms)

========================================================================
Received Prepare
Registering precompiled user dll's ...
Registered in 0.000885 seconds.
Begin MonoManager ReloadAssembly
Native extension for WindowsStandalone target not found
Refreshing native plugins compatible for Editor in 0.28 ms, found 1 plugins.
Preloading 0 native plugins for Editor in 0.00 ms.
Mono: successfully reloaded assembly
- Completed reload, in  0.679 seconds
Platform modules already initialized, skipping
Refreshing native plugins compatible for Editor in 0.25 ms, found 1 plugins.
Preloading 0 native plugins for Editor in 0.00 ms.
Unloading 1303 Unused Serialized files (Serialized files now loaded: 0)
System memory in use before: 66.2 MB.
System memory in use after: 66.3 MB.

Unloading 13 unused Assets to reduce memory usage. Loaded Objects now: 1773.
Total: 1.551200 ms (FindLiveObjects: 0.153100 ms CreateObjectMapping: 0.032100 ms MarkObjects: 1.351300 ms  DeleteObjects: 0.013000 ms)

========================================================================
Received Prepare
Registering precompiled user dll's ...
Registered in 0.000803 seconds.
Begin MonoManager ReloadAssembly
Native extension for WindowsStandalone target not found
Refreshing native plugins compatible for Editor in 0.26 ms, found 1 plugins.
Preloading 0 native plugins for Editor in 0.00 ms.
Mono: successfully reloaded assembly
- Completed reload, in  0.649 seconds
Platform modules already initialized, skipping
Refreshing native plugins compatible for Editor in 0.26 ms, found 1 plugins.
Preloading 0 native plugins for Editor in 0.00 ms.
Unloading 1303 Unused Serialized files (Serialized files now loaded: 0)
System memory in use before: 66.2 MB.
System memory in use after: 66.3 MB.

Unloading 13 unused Assets to reduce memory usage. Loaded Objects now: 1776.
Total: 1.546200 ms (FindLiveObjects: 0.117000 ms CreateObjectMapping: 0.033200 ms MarkObjects: 1.383200 ms  DeleteObjects: 0.011900 ms)

========================================================================
Received Prepare
Registering precompiled user dll's ...
Registered in 0.000784 seconds.
Begin MonoManager ReloadAssembly
Native extension for WindowsStandalone target not found
Refreshing native plugins compatible for Editor in 0.26 ms, found 1 plugins.
Preloading 0 native plugins for Editor in 0.00 ms.
Mono: successfully reloaded assembly
- Completed reload, in  0.803 seconds
Platform modules already initialized, skipping
Refreshing native plugins compatible for Editor in 0.27 ms, found 1 plugins.
Preloading 0 native plugins for Editor in 0.00 ms.
Unloading 1303 Unused Serialized files (Serialized files now loaded: 0)
System memory in use before: 66.2 MB.
System memory in use after: 66.3 MB.

Unloading 13 unused Assets to reduce memory usage. Loaded Objects now: 1779.
Total: 2.956500 ms (FindLiveObjects: 0.207900 ms CreateObjectMapping: 0.078400 ms MarkObjects: 2.637800 ms  DeleteObjects: 0.030800 ms)

========================================================================
Received Prepare
Registering precompiled user dll's ...
Registered in 0.000820 seconds.
Begin MonoManager ReloadAssembly
Native extension for WindowsStandalone target not found
Refreshing native plugins compatible for Editor in 0.27 ms, found 1 plugins.
Preloading 0 native plugins for Editor in 0.00 ms.
Mono: successfully reloaded assembly
- Completed reload, in  0.677 seconds
Platform modules already initialized, skipping
Refreshing native plugins compatible for Editor in 0.33 ms, found 1 plugins.
Preloading 0 native plugins for Editor in 0.00 ms.
Unloading 1303 Unused Serialized files (Serialized files now loaded: 0)
System memory in use before: 66.2 MB.
System memory in use after: 66.3 MB.

Unloading 13 unused Assets to reduce memory usage. Loaded Objects now: 1782.
Total: 1.693600 ms (FindLiveObjects: 0.150300 ms CreateObjectMapping: 0.041000 ms MarkObjects: 1.485200 ms  DeleteObjects: 0.015900 ms)

AssetImportWorkerClient::OnTransportError - code=2 error=End of file
